E:\vsstudio\MSBuild\Microsoft\VC\v170\Microsoft.CppBuild.targets(514,5): warning MSB8028: The intermediate directory (x64\Debug\) contains files shared from another project (ConsoleApplication1.vcxproj).  This can lead to incorrect clean and rebuild behavior.
  main.cpp
C:\Users\ADMIN\Desktop\do_an_ctdl\bai_ghep_lai\ConsoleApplication1\handleFile.h(84,28): warning C4267: 'argument': conversion from 'size_t' to 'int', possible loss of data
C:\Users\ADMIN\Desktop\do_an_ctdl\bai_ghep_lai\ConsoleApplication1\xu_ly_sinh_vien.h(327,42): warning C4244: 'argument': conversion from 'double' to 'float', possible loss of data
C:\Users\ADMIN\Desktop\do_an_ctdl\bai_ghep_lai\ConsoleApplication1\xu_ly_sinh_vien.h(628,27): warning C4267: '=': conversion from 'size_t' to 'int', possible loss of data
C:\Users\ADMIN\Desktop\do_an_ctdl\bai_ghep_lai\ConsoleApplication1\xu_ly_sinh_vien.h(628,51): warning C4267: '=': conversion from 'size_t' to 'int', possible loss of data
C:\Users\ADMIN\Desktop\do_an_ctdl\bai_ghep_lai\ConsoleApplication1\xu_ly_sinh_vien.h(628,76): warning C4267: '=': conversion from 'size_t' to 'int', possible loss of data
C:\Users\ADMIN\Desktop\do_an_ctdl\bai_ghep_lai\ConsoleApplication1\xu_ly_sinh_vien.h(628,102): warning C4267: '=': conversion from 'size_t' to 'int', possible loss of data
C:\Users\ADMIN\Desktop\do_an_ctdl\bai_ghep_lai\ConsoleApplication1\xu_ly_sinh_vien.h(628,127): warning C4267: '=': conversion from 'size_t' to 'int', possible loss of data
C:\Users\ADMIN\Desktop\do_an_ctdl\bai_ghep_lai\ConsoleApplication1\xu_ly_sinh_vien.h(628,154): warning C4267: '=': conversion from 'size_t' to 'int', possible loss of data
C:\Users\ADMIN\Desktop\do_an_ctdl\bai_ghep_lai\ConsoleApplication1\xu_ly_sinh_vien.h(967,12): warning C4244: 'return': conversion from 'float' to 'int', possible loss of data
C:\Users\ADMIN\Desktop\do_an_ctdl\bai_ghep_lai\ConsoleApplication1\xu_ly_sinh_vien.h(968,9): warning C4244: 'return': conversion from 'float' to 'int', possible loss of data
C:\Users\ADMIN\Desktop\do_an_ctdl\bai_ghep_lai\ConsoleApplication1\xu_ly_mon_hoc.h(184,27): warning C4267: '=': conversion from 'size_t' to 'int', possible loss of data
C:\Users\ADMIN\Desktop\do_an_ctdl\bai_ghep_lai\ConsoleApplication1\xu_ly_mon_hoc.h(185,28): warning C4267: '=': conversion from 'size_t' to 'int', possible loss of data
C:\Users\ADMIN\Desktop\do_an_ctdl\bai_ghep_lai\ConsoleApplication1\xu_ly_mon_hoc.h(481,2): warning C4551: function call missing argument list
C:\Users\ADMIN\Desktop\do_an_ctdl\bai_ghep_lai\ConsoleApplication1\xu_ly_mon_hoc.h(521,39): warning C4244: 'argument': conversion from 'double' to 'float', possible loss of data
C:\Users\ADMIN\Desktop\do_an_ctdl\bai_ghep_lai\ConsoleApplication1\xu_li_lop_tin_chi.h(381,41): warning C4267: '=': conversion from 'size_t' to 'int', possible loss of data
C:\Users\ADMIN\Desktop\do_an_ctdl\bai_ghep_lai\ConsoleApplication1\xu_li_lop_tin_chi.h(389,46): warning C4267: '=': conversion from 'size_t' to 'int', possible loss of data
C:\Users\ADMIN\Desktop\do_an_ctdl\bai_ghep_lai\ConsoleApplication1\xu_li_lop_tin_chi.h(458,37): warning C4267: '=': conversion from 'size_t' to 'int', possible loss of data
C:\Users\ADMIN\Desktop\do_an_ctdl\bai_ghep_lai\ConsoleApplication1\xu_li_lop_tin_chi.h(468,35): warning C4267: '=': conversion from 'size_t' to 'int', possible loss of data
C:\Users\ADMIN\Desktop\do_an_ctdl\bai_ghep_lai\ConsoleApplication1\xu_li_lop_tin_chi.h(476,46): warning C4267: '=': conversion from 'size_t' to 'int', possible loss of data
C:\Users\ADMIN\Desktop\do_an_ctdl\bai_ghep_lai\ConsoleApplication1\xu_li_lop_tin_chi.h(509,42): warning C4267: '=': conversion from 'size_t' to 'int', possible loss of data
C:\Users\ADMIN\Desktop\do_an_ctdl\bai_ghep_lai\ConsoleApplication1\xu_li_lop_tin_chi.h(530,41): warning C4267: '=': conversion from 'size_t' to 'int', possible loss of data
C:\Users\ADMIN\Desktop\do_an_ctdl\bai_ghep_lai\ConsoleApplication1\xu_li_lop_tin_chi.h(560,35): warning C4267: '=': conversion from 'size_t' to 'int', possible loss of data
C:\Users\ADMIN\Desktop\do_an_ctdl\bai_ghep_lai\ConsoleApplication1\xu_li_lop_tin_chi.h(580,42): warning C4267: '=': conversion from 'size_t' to 'int', possible loss of data
C:\Users\ADMIN\Desktop\do_an_ctdl\bai_ghep_lai\ConsoleApplication1\xu_li_lop_tin_chi.h(614,37): warning C4267: '=': conversion from 'size_t' to 'int', possible loss of data
C:\Users\ADMIN\Desktop\do_an_ctdl\bai_ghep_lai\ConsoleApplication1\xu_li_lop_tin_chi.h(630,42): warning C4267: '=': conversion from 'size_t' to 'int', possible loss of data
C:\Users\ADMIN\Desktop\do_an_ctdl\bai_ghep_lai\ConsoleApplication1\xu_li_lop_tin_chi.h(661,38): warning C4267: '=': conversion from 'size_t' to 'int', possible loss of data
C:\Users\ADMIN\Desktop\do_an_ctdl\bai_ghep_lai\ConsoleApplication1\xu_li_lop_tin_chi.h(803,22): warning C4267: '=': conversion from 'size_t' to 'int', possible loss of data
C:\Users\ADMIN\Desktop\do_an_ctdl\bai_ghep_lai\ConsoleApplication1\xu_li_lop_tin_chi.h(847,38): warning C4267: '=': conversion from 'size_t' to 'int', possible loss of data
C:\Users\ADMIN\Desktop\do_an_ctdl\bai_ghep_lai\ConsoleApplication1\xu_li_lop_tin_chi.h(855,42): warning C4267: '=': conversion from 'size_t' to 'int', possible loss of data
C:\Users\ADMIN\Desktop\do_an_ctdl\bai_ghep_lai\ConsoleApplication1\xu_li_lop_tin_chi.h(931,34): warning C4267: '=': conversion from 'size_t' to 'int', possible loss of data
C:\Users\ADMIN\Desktop\do_an_ctdl\bai_ghep_lai\ConsoleApplication1\xu_li_lop_tin_chi.h(944,42): warning C4267: '=': conversion from 'size_t' to 'int', possible loss of data
C:\Users\ADMIN\Desktop\do_an_ctdl\bai_ghep_lai\ConsoleApplication1\xu_li_lop_tin_chi.h(948,39): warning C4267: '=': conversion from 'size_t' to 'int', possible loss of data
C:\Users\ADMIN\Desktop\do_an_ctdl\bai_ghep_lai\ConsoleApplication1\xu_li_lop_tin_chi.h(989,38): warning C4267: '=': conversion from 'size_t' to 'int', possible loss of data
C:\Users\ADMIN\Desktop\do_an_ctdl\bai_ghep_lai\ConsoleApplication1\xu_li_lop_tin_chi.h(996,37): warning C4267: '=': conversion from 'size_t' to 'int', possible loss of data
C:\Users\ADMIN\Desktop\do_an_ctdl\bai_ghep_lai\ConsoleApplication1\xu_li_lop_tin_chi.h(1036,35): warning C4267: '=': conversion from 'size_t' to 'int', possible loss of data
C:\Users\ADMIN\Desktop\do_an_ctdl\bai_ghep_lai\ConsoleApplication1\xu_li_lop_tin_chi.h(1042,38): warning C4267: '=': conversion from 'size_t' to 'int', possible loss of data
C:\Users\ADMIN\Desktop\do_an_ctdl\bai_ghep_lai\ConsoleApplication1\xu_li_lop_tin_chi.h(1083,37): warning C4267: '=': conversion from 'size_t' to 'int', possible loss of data
C:\Users\ADMIN\Desktop\do_an_ctdl\bai_ghep_lai\ConsoleApplication1\xu_li_lop_tin_chi.h(1090,38): warning C4267: '=': conversion from 'size_t' to 'int', possible loss of data
C:\Users\ADMIN\Desktop\do_an_ctdl\bai_ghep_lai\ConsoleApplication1\xu_li_lop_tin_chi.h(1130,38): warning C4267: '=': conversion from 'size_t' to 'int', possible loss of data
C:\Users\ADMIN\Desktop\do_an_ctdl\bai_ghep_lai\ConsoleApplication1\xu_li_lop_tin_chi.h(1489,26): warning C4267: '=': conversion from 'size_t' to 'int', possible loss of data
C:\Users\ADMIN\Desktop\do_an_ctdl\bai_ghep_lai\ConsoleApplication1\xu_li_lop_tin_chi.h(1560,35): warning C4267: '=': conversion from 'size_t' to 'int', possible loss of data
C:\Users\ADMIN\Desktop\do_an_ctdl\bai_ghep_lai\ConsoleApplication1\xu_li_lop_tin_chi.h(1568,42): warning C4267: '=': conversion from 'size_t' to 'int', possible loss of data
C:\Users\ADMIN\Desktop\do_an_ctdl\bai_ghep_lai\ConsoleApplication1\xu_li_lop_tin_chi.h(1605,38): warning C4267: '=': conversion from 'size_t' to 'int', possible loss of data
C:\Users\ADMIN\Desktop\do_an_ctdl\bai_ghep_lai\ConsoleApplication1\xu_li_lop_tin_chi.h(1634,41): warning C4267: '=': conversion from 'size_t' to 'int', possible loss of data
C:\Users\ADMIN\Desktop\do_an_ctdl\bai_ghep_lai\ConsoleApplication1\xu_li_lop_tin_chi.h(1675,35): warning C4267: '=': conversion from 'size_t' to 'int', possible loss of data
C:\Users\ADMIN\Desktop\do_an_ctdl\bai_ghep_lai\ConsoleApplication1\xu_li_lop_tin_chi.h(1691,38): warning C4267: '=': conversion from 'size_t' to 'int', possible loss of data
C:\Users\ADMIN\Desktop\do_an_ctdl\bai_ghep_lai\ConsoleApplication1\xu_li_lop_tin_chi.h(1756,37): warning C4267: '=': conversion from 'size_t' to 'int', possible loss of data
C:\Users\ADMIN\Desktop\do_an_ctdl\bai_ghep_lai\ConsoleApplication1\xu_li_lop_tin_chi.h(1807,67): warning C4244: 'argument': conversion from 'double' to 'float', possible loss of data
C:\Users\ADMIN\Desktop\do_an_ctdl\bai_ghep_lai\ConsoleApplication1\xu_li_lop_tin_chi.h(1776,10): warning C4101: 'c': unreferenced local variable
C:\Users\ADMIN\Desktop\do_an_ctdl\bai_ghep_lai\ConsoleApplication1\xu_li_lop_tin_chi.h(1980,26): warning C4101: 'c': unreferenced local variable
C:\Users\ADMIN\Desktop\do_an_ctdl\bai_ghep_lai\ConsoleApplication1\xu_li_lop_tin_chi.h(2428,38): warning C4267: 'initializing': conversion from 'size_t' to 'int', possible loss of data
C:\Users\ADMIN\Desktop\do_an_ctdl\bai_ghep_lai\ConsoleApplication1\xu_li_lop_tin_chi.h(2489,43): warning C4267: '=': conversion from 'size_t' to 'int', possible loss of data
C:\Users\ADMIN\Desktop\do_an_ctdl\bai_ghep_lai\ConsoleApplication1\xu_li_lop_tin_chi.h(2497,50): warning C4267: '=': conversion from 'size_t' to 'int', possible loss of data
C:\Users\ADMIN\Desktop\do_an_ctdl\bai_ghep_lai\ConsoleApplication1\xu_li_lop_tin_chi.h(2541,46): warning C4267: '=': conversion from 'size_t' to 'int', possible loss of data
C:\Users\ADMIN\Desktop\do_an_ctdl\bai_ghep_lai\ConsoleApplication1\xu_li_lop_tin_chi.h(2364,14): warning C4101: 'c': unreferenced local variable
C:\Users\ADMIN\Desktop\do_an_ctdl\bai_ghep_lai\ConsoleApplication1\xu_li_diem.h(31,6): warning C4101: 'nLTC': unreferenced local variable
C:\Users\ADMIN\Desktop\do_an_ctdl\bai_ghep_lai\ConsoleApplication1\xu_li_diem.h(199,48): warning C4244: 'argument': conversion from 'double' to 'float', possible loss of data
C:\Users\ADMIN\Desktop\do_an_ctdl\bai_ghep_lai\ConsoleApplication1\xu_li_diem.h(249,30): warning C4244: '+=': conversion from 'float' to 'int', possible loss of data
C:\Users\ADMIN\Desktop\do_an_ctdl\bai_ghep_lai\ConsoleApplication1\xu_li_diem.h(257,26): warning C4244: '=': conversion from 'double' to 'float', possible loss of data
C:\Users\ADMIN\Desktop\do_an_ctdl\bai_ghep_lai\ConsoleApplication1\xu_li_diem.h(200,18): warning C4101: 'sv': unreferenced local variable
C:\Users\ADMIN\Desktop\do_an_ctdl\bai_ghep_lai\ConsoleApplication1\xu_li_diem.h(201,19): warning C4101: 'sv_dk': unreferenced local variable
C:\Users\ADMIN\Desktop\do_an_ctdl\bai_ghep_lai\ConsoleApplication1\xu_li_diem.h(344,48): warning C4244: 'argument': conversion from 'double' to 'float', possible loss of data
C:\Users\ADMIN\Desktop\do_an_ctdl\bai_ghep_lai\ConsoleApplication1\xu_li_diem.h(345,46): warning C4244: 'argument': conversion from 'double' to 'float', possible loss of data
C:\Users\ADMIN\Desktop\do_an_ctdl\bai_ghep_lai\ConsoleApplication1\xu_li_diem.h(396,46): warning C4244: '=': conversion from 'float' to 'int', possible loss of data
C:\Users\ADMIN\Desktop\do_an_ctdl\bai_ghep_lai\ConsoleApplication1\xu_li_diem.h(346,18): warning C4101: 'sv': unreferenced local variable
C:\Users\ADMIN\Desktop\do_an_ctdl\bai_ghep_lai\ConsoleApplication1\xu_li_diem.h(347,19): warning C4101: 'sv_dk': unreferenced local variable
C:\Users\ADMIN\Desktop\do_an_ctdl\bai_ghep_lai\ConsoleApplication1\xu_li_diem.h(524,5): warning C4102: 'INRA': unreferenced label
C:\Users\ADMIN\Desktop\do_an_ctdl\bai_ghep_lai\ConsoleApplication1\xu_li_diem.h(850,81): warning C4244: 'argument': conversion from 'double' to 'float', possible loss of data
C:\Users\ADMIN\Desktop\do_an_ctdl\bai_ghep_lai\ConsoleApplication1\mylib.h(28): warning C4172: returning address of local variable or temporary: S
C:\Users\ADMIN\Desktop\do_an_ctdl\bai_ghep_lai\ConsoleApplication1\handleFile.h(321): warning C4715: 'balanceLeft': not all control paths return a value
C:\Users\ADMIN\Desktop\do_an_ctdl\bai_ghep_lai\ConsoleApplication1\handleFile.h(342): warning C4715: 'balanceRight': not all control paths return a value
C:\Users\ADMIN\Desktop\do_an_ctdl\bai_ghep_lai\ConsoleApplication1\handleFile.h(364): warning C4715: 'Inrorder_Find_Number': not all control paths return a value
C:\Users\ADMIN\Desktop\do_an_ctdl\bai_ghep_lai\ConsoleApplication1\xu_ly_sinh_vien.h(980): warning C4715: 'so_sanh': not all control paths return a value
  ConsoleApplication1.vcxproj -> C:\Users\ADMIN\Desktop\do_an_ctdl\bai_ghep_lai\x64\Debug\Quanlisinhvien.exe
